Arguments: 
  /usr/bin/nodejs /usr/local/bin/yarn stsart

PATH: 
  /home/amruth/bin:/home/amruth/.local/bin:/usr/local/sbin:/usr/local/bin:/usr/sbin:/usr/bin:/sbin:/bin:/usr/games:/usr/local/games:/snap/bin

Yarn version: 
  1.5.1

Node version: 
  4.2.6

Platform: 
  linux x64

npm manifest: 
  {
    "name": "striker",
    "version": "0.1.0",
    "private": true,
    "dependencies": {
      "react": "^16.2.0",
      "react-dom": "^16.2.0",
      "react-router-dom": "^4.2.2",
      "react-scripts": "0.9.5"
    },
    "devDependencies": {},
    "scripts": {
      "start": "react-scripts start",
      "build": "react-scripts build",
      "test": "react-scripts test --env=jsdom",
      "eject": "react-scripts eject"
    }
  }

yarn manifest: 
  No manifest

Lockfile: 
  No lockfile

Trace: 
  Error: Command "stsart" not found. Did you mean "start"?
      at MessageError.Error (native)
      at new MessageError (/usr/local/lib/node_modules/yarn/lib/cli.js:186:110)
      at /usr/local/lib/node_modules/yarn/lib/cli.js:87307:17
      at next (native)
      at step (/usr/local/lib/node_modules/yarn/lib/cli.js:98:30)
      at /usr/local/lib/node_modules/yarn/lib/cli.js:116:14
      at new Promise (/usr/local/lib/node_modules/yarn/lib/cli.js:100438:7)
      at /usr/local/lib/node_modules/yarn/lib/cli.js:95:12
      at runCommand (/usr/local/lib/node_modules/yarn/lib/cli.js:87312:22)
      at Object.<anonymous> (/usr/local/lib/node_modules/yarn/lib/cli.js:87412:14)
